# JRE version: Java(TM) SE Runtime Environment (8.0_191-b12) (build 1.8.0_191-b12)
# Java VM: Java HotSpot(TM) Client VM (25.191-b12 mixed mode windows-x86 )
Heap:
 def new generation   total 67072K, used 24729K [0x05800000, 0x0a0c0000, 0x102a0000)
  eden space 59648K,  36% used [0x05800000, 0x06d046d0, 0x09240000)
  from space 7424K,  43% used [0x09980000, 0x09ca1e90, 0x0a0c0000)
  to   space 7424K,   0% used [0x09240000, 0x09240000, 0x09980000)
 tenured generation   total 148852K, used 89310K [0x102a0000, 0x193fd000, 0x25800000)
   the space 148852K,  59% used [0x102a0000, 0x159d78a8, 0x159d7a00, 0x193fd000)
 Metaspace       used 21781K, capacity 22315K, committed 22400K, reserved 22912K
GC Heap History (10 events):
Event: 65.295 GC heap before
{Heap before GC invocations=12 (full 2):
 def new generation   total 65984K, used 60475K [0x05800000, 0x09f90000, 0x102a0000)
  eden space 58688K, 100% used [0x05800000, 0x09150000, 0x09150000)
  from space 7296K,  24% used [0x09150000, 0x0930ee58, 0x09870000)
  to   space 7296K,   0% used [0x09870000, 0x09870000, 0x09f90000)
 tenured generation   total 146432K, used 103906K [0x102a0000, 0x191a0000, 0x25800000)
   the space 146432K,  70% used [0x102a0000, 0x16818b70, 0x16818c00, 0x191a0000)
 Metaspace       used 21280K, capacity 21809K, committed 21888K, reserved 21888K
Event: 65.364 GC heap after
Heap after GC invocations=13 (full 2):
 def new generation   total 65984K, used 7296K [0x05800000, 0x09f90000, 0x102a0000)
  eden space 58688K,   0% used [0x05800000, 0x05800000, 0x09150000)
  from space 7296K, 100% used [0x09870000, 0x09f90000, 0x09f90000)
  to   space 7296K,   0% used [0x09150000, 0x09150000, 0x09870000)
 tenured generation   total 146432K, used 143570K [0x102a0000, 0x191a0000, 0x25800000)
   the space 146432K,  98% used [0x102a0000, 0x18ed4b38, 0x18ed4c00, 0x191a0000)
 Metaspace       used 21280K, capacity 21809K, committed 21888K, reserved 21888K
}
Event: 357.762 GC heap before
{Heap before GC invocations=13 (full 2):
 def new generation   total 65984K, used 65984K [0x05800000, 0x09f90000, 0x102a0000)
  eden space 58688K, 100% used [0x05800000, 0x09150000, 0x09150000)
  from space 7296K, 100% used [0x09870000, 0x09f90000, 0x09f90000)
  to   space 7296K,   0% used [0x09150000, 0x09150000, 0x09870000)
 tenured generation   total 146432K, used 143570K [0x102a0000, 0x191a0000, 0x25800000)
   the space 146432K,  98% used [0x102a0000, 0x18ed4b38, 0x18ed4c00, 0x191a0000)
 Metaspace       used 21577K, capacity 22092K, committed 22144K, reserved 22912K
Event: 357.950 GC heap after
Heap after GC invocations=14 (full 3):
 def new generation   total 67072K, used 0K [0x05800000, 0x0a0c0000, 0x102a0000)
  eden space 59648K,   0% used [0x05800000, 0x05800000, 0x09240000)
  from space 7424K,   0% used [0x09240000, 0x09240000, 0x09980000)
  to   space 7424K,   0% used [0x09980000, 0x09980000, 0x0a0c0000)
 tenured generation   total 148852K, used 89310K [0x102a0000, 0x193fd000, 0x25800000)
   the space 148852K,  59% used [0x102a0000, 0x159d78a8, 0x159d7a00, 0x193fd000)
 Metaspace       used 21522K, capacity 22012K, committed 22144K, reserved 22912K
}
Event: 1634.290 GC heap before
{Heap before GC invocations=14 (full 3):
 def new generation   total 67072K, used 59648K [0x05800000, 0x0a0c0000, 0x102a0000)
  eden space 59648K, 100% used [0x05800000, 0x09240000, 0x09240000)
  from space 7424K,   0% used [0x09240000, 0x09240000, 0x09980000)
  to   space 7424K,   0% used [0x09980000, 0x09980000, 0x0a0c0000)
 tenured generation   total 148852K, used 89310K [0x102a0000, 0x193fd000, 0x25800000)
   the space 148852K,  59% used [0x102a0000, 0x159d78a8, 0x159d7a00, 0x193fd000)
 Metaspace       used 21626K, capacity 22143K, committed 22272K, reserved 22912K
Event: 1634.294 GC heap after
Heap after GC invocations=15 (full 3):
 def new generation   total 67072K, used 2952K [0x05800000, 0x0a0c0000, 0x102a0000)
  eden space 59648K,   0% used [0x05800000, 0x05800000, 0x09240000)
  from space 7424K,  39% used [0x09980000, 0x09c621d0, 0x0a0c0000)
  to   space 7424K,   0% used [0x09240000, 0x09240000, 0x09980000)
 tenured generation   total 148852K, used 89310K [0x102a0000, 0x193fd000, 0x25800000)
   the space 148852K,  59% used [0x102a0000, 0x159d78a8, 0x159d7a00, 0x193fd000)
 Metaspace       used 21626K, capacity 22143K, committed 22272K, reserved 22912K
}
Event: 2017.634 GC heap before
{Heap before GC invocations=15 (full 3):
 def new generation   total 67072K, used 62600K [0x05800000, 0x0a0c0000, 0x102a0000)
  eden space 59648K, 100% used [0x05800000, 0x09240000, 0x09240000)
  from space 7424K,  39% used [0x09980000, 0x09c621d0, 0x0a0c0000)
  to   space 7424K,   0% used [0x09240000, 0x09240000, 0x09980000)
 tenured generation   total 148852K, used 89310K [0x102a0000, 0x193fd000, 0x25800000)
   the space 148852K,  59% used [0x102a0000, 0x159d78a8, 0x159d7a00, 0x193fd000)
 Metaspace       used 21772K, capacity 22308K, committed 22400K, reserved 22912K
Event: 2017.637 GC heap after
Heap after GC invocations=16 (full 3):
 def new generation   total 67072K, used 2061K [0x05800000, 0x0a0c0000, 0x102a0000)
  eden space 59648K,   0% used [0x05800000, 0x05800000, 0x09240000)
  from space 7424K,  27% used [0x09240000, 0x09443438, 0x09980000)
  to   space 7424K,   0% used [0x09980000, 0x09980000, 0x0a0c0000)
 tenured generation   total 148852K, used 89310K [0x102a0000, 0x193fd000, 0x25800000)
   the space 148852K,  59% used [0x102a0000, 0x159d78a8, 0x159d7a00, 0x193fd000)
 Metaspace       used 21772K, capacity 22308K, committed 22400K, reserved 22912K
}
Event: 2412.704 GC heap before
{Heap before GC invocations=16 (full 3):
 def new generation   total 67072K, used 61709K [0x05800000, 0x0a0c0000, 0x102a0000)
  eden space 59648K, 100% used [0x05800000, 0x09240000, 0x09240000)
  from space 7424K,  27% used [0x09240000, 0x09443438, 0x09980000)
  to   space 7424K,   0% used [0x09980000, 0x09980000, 0x0a0c0000)
 tenured generation   total 148852K, used 89310K [0x102a0000, 0x193fd000, 0x25800000)
   the space 148852K,  59% used [0x102a0000, 0x159d78a8, 0x159d7a00, 0x193fd000)
 Metaspace       used 21772K, capacity 22308K, committed 22400K, reserved 22912K
Event: 2412.707 GC heap after
Heap after GC invocations=17 (full 3):
 def new generation   total 67072K, used 3207K [0x05800000, 0x0a0c0000, 0x102a0000)
  eden space 59648K,   0% used [0x05800000, 0x05800000, 0x09240000)
  from space 7424K,  43% used [0x09980000, 0x09ca1e90, 0x0a0c0000)
  to   space 7424K,   0% used [0x09240000, 0x09240000, 0x09980000)
 tenured generation   total 148852K, used 89310K [0x102a0000, 0x193fd000, 0x25800000)
   the space 148852K,  59% used [0x102a0000, 0x159d78a8, 0x159d7a00, 0x193fd000)
 Metaspace       used 21772K, capacity 22308K, committed 22400K, reserved 22912K
}

